::1 - - [19/Sep/2023:15:55:40 +0000] "DELETE /api/cards/64f5e6a59a1a408e172139fc HTTP/1.1" 400 2
::1 - - [19/Sep/2023:16:03:41 +0000] "POST /api/register HTTP/1.1" 400 559
::1 - - [19/Sep/2023:16:10:47 +0000] "POST /api/register HTTP/1.1" 400 559
::1 - - [19/Sep/2023:16:11:15 +0000] "POST /api/register HTTP/1.1" 400 559
::1 - - [19/Sep/2023:16:13:28 +0000] "POST /api/cards HTTP/1.1" 400 559
::1 - - [19/Sep/2023:16:14:21 +0000] "GET /api/cards/6509c8cedd435ddb7c501c9a HTTP/1.1" 404 12
::1 - - [19/Sep/2023:16:14:21 +0000] "GET /api/cards/6509c8cedd435ddb7c501c9a HTTP/1.1" 404 12
::1 - - [19/Sep/2023:16:16:27 +0000] "GET /api/cards/6509c8cedd435ddb7c501c9a HTTP/1.1" 404 12
::1 - - [19/Sep/2023:16:16:31 +0000] "GET /api/cards/6509c8cedd435ddb7c501c9a HTTP/1.1" 404 12
::1 - - [19/Sep/2023:16:16:35 +0000] "PUT /api/cards/6509c8cedd435ddb7c501c9a HTTP/1.1" 400 574
::1 - - [19/Sep/2023:16:16:37 +0000] "PUT /api/cards/6509c8cedd435ddb7c501c9a HTTP/1.1" 400 574
::1 - - [19/Sep/2023:16:18:08 +0000] "GET /api/cards/6509c8cedd435ddb7c501c9a HTTP/1.1" 404 12
::1 - - [19/Sep/2023:16:18:08 +0000] "GET /api/cards/6509c8cedd435ddb7c501c9a HTTP/1.1" 404 12
::1 - - [19/Sep/2023:16:18:33 +0000] "PUT /api/cards/6509c8cedd435ddb7c501c9a HTTP/1.1" 400 585
::1 - - [19/Sep/2023:16:19:45 +0000] "PUT /api/cards/6509c8cedd435ddb7c501c9a HTTP/1.1" 400 585
::1 - - [19/Sep/2023:16:23:36 +0000] "GET /api/cards/6509c8cedd435ddb7c501c9a HTTP/1.1" 404 12
::1 - - [19/Sep/2023:16:24:26 +0000] "GET /api/cards/6509c8cedd435ddb7c501c9a HTTP/1.1" 404 12
::1 - - [19/Sep/2023:16:24:56 +0000] "GET /api/cards/6509c8cedd435ddb7c501c9a HTTP/1.1" 404 12
::1 - - [19/Sep/2023:16:24:59 +0000] "GET /api/cards/6509c8cedd435ddb7c501c9a HTTP/1.1" 404 12
::1 - - [19/Sep/2023:16:25:08 +0000] "GET /api/cards/6509c8cedd435ddb7c501c9a HTTP/1.1" 404 12
::1 - - [19/Sep/2023:16:25:23 +0000] "GET /api/cards/6509c8cedd435ddb7c501c9a HTTP/1.1" 404 12
::1 - - [19/Sep/2023:16:25:32 +0000] "GET /api/cards/6509c8cedd435ddb7c501c9a HTTP/1.1" 404 12
::1 - - [19/Sep/2023:16:25:47 +0000] "PUT /api/cards/6509c8cedd435ddb7c501c9a HTTP/1.1" 400 589
::1 - - [19/Sep/2023:16:27:27 +0000] "GET /api/cards/6509c8cedd435ddb7c501c9a HTTP/1.1" 404 12
::1 - - [19/Sep/2023:16:27:27 +0000] "GET /api/cards/6509c8cedd435ddb7c501c9a HTTP/1.1" 404 12
::1 - - [19/Sep/2023:16:30:54 +0000] "GET /api/cards/6509c8cedd435ddb7c501c9a HTTP/1.1" 404 12
::1 - - [19/Sep/2023:16:30:54 +0000] "GET /api/cards/6509c8cedd435ddb7c501c9a HTTP/1.1" 404 12
::1 - - [19/Sep/2023:16:35:11 +0000] "GET /api/cards/6509c8cedd435ddb7c501c9a HTTP/1.1" 404 12
::1 - - [19/Sep/2023:16:35:11 +0000] "GET /api/cards/6509c8cedd435ddb7c501c9a HTTP/1.1" 404 12
::1 - - [19/Sep/2023:16:36:00 +0000] "GET /api/cards/6509c8cedd435ddb7c501c9a HTTP/1.1" 404 12
::1 - - [19/Sep/2023:16:36:00 +0000] "GET /api/cards/6509c8cedd435ddb7c501c9a HTTP/1.1" 404 12
::1 - - [19/Sep/2023:16:36:36 +0000] "GET /api/cards/6509c8cedd435ddb7c501c9a HTTP/1.1" 404 12
::1 - - [19/Sep/2023:16:36:36 +0000] "GET /api/cards/6509c8cedd435ddb7c501c9a HTTP/1.1" 404 12
::1 - - [19/Sep/2023:16:36:57 +0000] "GET /api/cards/6509c8cedd435ddb7c501c9a HTTP/1.1" 404 12
::1 - - [19/Sep/2023:16:36:57 +0000] "GET /api/cards/6509c8cedd435ddb7c501c9a HTTP/1.1" 404 12
::1 - - [19/Sep/2023:16:37:03 +0000] "GET /api/cards/6509c8cedd435ddb7c501c9a HTTP/1.1" 404 12
::1 - - [19/Sep/2023:16:37:03 +0000] "GET /api/cards/6509c8cedd435ddb7c501c9a HTTP/1.1" 404 12
::1 - - [19/Sep/2023:16:43:29 +0000] "GET /api/cards/6509c8cedd435ddb7c501c9a HTTP/1.1" 404 12
::1 - - [19/Sep/2023:16:43:29 +0000] "GET /api/cards/6509c8cedd435ddb7c501c9a HTTP/1.1" 404 12
::1 - - [19/Sep/2023:16:46:56 +0000] "GET /api/cards/6509c8cedd435ddb7c501c9a HTTP/1.1" 404 12
::1 - - [19/Sep/2023:16:47:02 +0000] "GET /api/cards/6509c8cedd435ddb7c501c9a HTTP/1.1" 404 12
::1 - - [19/Sep/2023:16:47:02 +0000] "GET /api/cards/6509c8cedd435ddb7c501c9a HTTP/1.1" 404 12
::1 - - [19/Sep/2023:16:47:08 +0000] "GET /api/cards/6509c8cedd435ddb7c501c9a HTTP/1.1" 404 12
::1 - - [19/Sep/2023:16:47:08 +0000] "GET /api/cards/6509c8cedd435ddb7c501c9a HTTP/1.1" 404 12
::1 - - [19/Sep/2023:16:50:16 +0000] "GET /api/cards/6509c8cedd435ddb7c501c9a HTTP/1.1" 404 12
::1 - - [19/Sep/2023:16:50:16 +0000] "GET /api/cards/6509c8cedd435ddb7c501c9a HTTP/1.1" 404 12
::1 - - [19/Sep/2023:16:50:20 +0000] "GET /api/cards/6509c8cedd435ddb7c501c9a HTTP/1.1" 404 12
::1 - - [19/Sep/2023:16:50:20 +0000] "GET /api/cards/6509c8cedd435ddb7c501c9a HTTP/1.1" 404 12
::1 - - [19/Sep/2023:16:51:26 +0000] "GET /api/cards/6509c8cedd435ddb7c501c9a HTTP/1.1" 404 12
::1 - - [19/Sep/2023:16:51:26 +0000] "GET /api/cards/6509c8cedd435ddb7c501c9a HTTP/1.1" 404 12
::1 - - [19/Sep/2023:16:51:30 +0000] "GET /api/cards/6509c8cedd435ddb7c501c9a HTTP/1.1" 404 12
::1 - - [19/Sep/2023:16:51:30 +0000] "GET /api/cards/6509c8cedd435ddb7c501c9a HTTP/1.1" 404 12
::1 - - [19/Sep/2023:16:52:06 +0000] "GET /api/cards/6509c8cedd435ddb7c501c9a HTTP/1.1" 404 12
::1 - - [19/Sep/2023:16:52:06 +0000] "GET /api/cards/6509c8cedd435ddb7c501c9a HTTP/1.1" 404 12
::1 - - [19/Sep/2023:16:52:09 +0000] "GET /api/cards/6509c8cedd435ddb7c501c9a HTTP/1.1" 404 12
::1 - - [19/Sep/2023:16:52:09 +0000] "GET /api/cards/6509c8cedd435ddb7c501c9a HTTP/1.1" 404 12
::1 - - [19/Sep/2023:16:53:10 +0000] "GET /api/cards/6509c8cedd435ddb7c501c9a HTTP/1.1" 404 12
::1 - - [19/Sep/2023:16:53:20 +0000] "GET /api/cards/6509c8cedd435ddb7c501c9a HTTP/1.1" 404 12
::1 - - [19/Sep/2023:16:53:20 +0000] "GET /api/cards/6509c8cedd435ddb7c501c9a HTTP/1.1" 404 12
::1 - - [19/Sep/2023:16:53:24 +0000] "GET /api/cards/6509c8cedd435ddb7c501c9a HTTP/1.1" 404 12
::1 - - [19/Sep/2023:16:53:24 +0000] "GET /api/cards/6509c8cedd435ddb7c501c9a HTTP/1.1" 404 12
::1 - - [19/Sep/2023:16:53:31 +0000] "GET /api/cards/6509c8cedd435ddb7c501c9a HTTP/1.1" 404 12
::1 - - [19/Sep/2023:16:53:33 +0000] "GET /api/cards/6509c8cedd435ddb7c501c9a HTTP/1.1" 404 12
::1 - - [19/Sep/2023:16:53:33 +0000] "GET /api/cards/6509c8cedd435ddb7c501c9a HTTP/1.1" 404 12
::1 - - [19/Sep/2023:16:58:01 +0000] "GET /api/cards/6509c8cedd435ddb7c501c9a HTTP/1.1" 404 12
::1 - - [19/Sep/2023:16:58:01 +0000] "GET /api/cards/6509c8cedd435ddb7c501c9a HTTP/1.1" 404 12
::1 - - [19/Sep/2023:17:02:20 +0000] "GET /api/cards/6509c8cedd435ddb7c501c9a HTTP/1.1" 404 12
::1 - - [19/Sep/2023:17:02:20 +0000] "GET /api/cards/6509c8cedd435ddb7c501c9a HTTP/1.1" 404 12
::1 - - [19/Sep/2023:17:02:25 +0000] "GET /api/cards/6509c8cedd435ddb7c501c9a HTTP/1.1" 404 12
::1 - - [19/Sep/2023:17:02:25 +0000] "GET /api/cards/6509c8cedd435ddb7c501c9a HTTP/1.1" 404 12
::1 - - [19/Sep/2023:17:07:01 +0000] "GET /api/cards/6509c8cedd435ddb7c501c9a HTTP/1.1" 404 12
::1 - - [19/Sep/2023:17:07:01 +0000] "GET /api/cards/6509c8cedd435ddb7c501c9a HTTP/1.1" 404 12
::1 - - [19/Sep/2023:17:09:09 +0000] "GET /api/cards/6509c8cedd435ddb7c501c9a HTTP/1.1" 404 12
::1 - - [19/Sep/2023:17:09:09 +0000] "GET /api/cards/6509c8cedd435ddb7c501c9a HTTP/1.1" 404 12
::1 - - [19/Sep/2023:17:09:43 +0000] "GET /api/cards/6509c8cedd435ddb7c501c9a HTTP/1.1" 404 12
::1 - - [19/Sep/2023:17:09:43 +0000] "GET /api/cards/6509c8cedd435ddb7c501c9a HTTP/1.1" 404 12
::1 - - [19/Sep/2023:17:16:24 +0000] "GET /api/cards/6509c8cedd435ddb7c501c9a HTTP/1.1" 404 12
::1 - - [19/Sep/2023:17:16:24 +0000] "GET /api/cards/6509c8cedd435ddb7c501c9a HTTP/1.1" 404 12
