::1 - - [21/Sep/2023:14:03:21 +0000] "POST /api/users/login HTTP/1.1" 404 155
::1 - - [21/Sep/2023:14:03:24 +0000] "POST /api/users/login HTTP/1.1" 404 155
::1 - - [21/Sep/2023:14:03:48 +0000] "POST /api/users/login HTTP/1.1" 404 155
::1 - - [21/Sep/2023:14:05:57 +0000] "POST /api/users/login HTTP/1.1" 404 155
::1 - - [21/Sep/2023:14:06:05 +0000] "POST /api/users/login HTTP/1.1" 404 155
::1 - - [21/Sep/2023:14:06:08 +0000] "POST /api/users/login HTTP/1.1" 404 155
::1 - - [21/Sep/2023:14:06:09 +0000] "POST /api/users/login HTTP/1.1" 404 155
::1 - - [21/Sep/2023:14:06:17 +0000] "POST /api/users/login HTTP/1.1" 404 155
::1 - - [21/Sep/2023:14:07:07 +0000] "POST /api/users/login HTTP/1.1" 404 155
::1 - - [21/Sep/2023:14:07:13 +0000] "POST /api/users/login HTTP/1.1" 404 155
::1 - - [21/Sep/2023:14:07:15 +0000] "POST /api/users/login HTTP/1.1" 404 155
::1 - - [21/Sep/2023:14:07:27 +0000] "POST /api/users/login HTTP/1.1" 404 155
::1 - - [21/Sep/2023:14:07:29 +0000] "POST /api/users/login HTTP/1.1" 404 155
::1 - - [21/Sep/2023:14:07:31 +0000] "POST /api/users/login HTTP/1.1" 404 155
::1 - - [21/Sep/2023:14:07:46 +0000] "POST /api/users/login HTTP/1.1" 404 155
::1 - - [21/Sep/2023:14:07:52 +0000] "POST /api/users/login HTTP/1.1" 404 155
::1 - - [21/Sep/2023:14:07:55 +0000] "POST /api/users/login HTTP/1.1" 404 155
::1 - - [21/Sep/2023:14:09:18 +0000] "PUT /api/cards/6509c8cedd435ddb7c501c9a HTTP/1.1" 400 2
::1 - - [21/Sep/2023:14:09:22 +0000] "PUT /api/cards/6509c8cedd435ddb7c501c9a HTTP/1.1" 400 2
::1 - - [21/Sep/2023:14:10:07 +0000] "PUT /api/cards/6509c8cedd435ddb7c501c9a HTTP/1.1" 400 2
::1 - - [21/Sep/2023:14:10:18 +0000] "PUT /api/cards/6509c8cedd435ddb7c501c9a HTTP/1.1" 400 2
::1 - - [21/Sep/2023:14:11:06 +0000] "PUT /api/cards/6509c8cedd435ddb7c501c9a HTTP/1.1" 400 14
::1 - - [21/Sep/2023:14:11:34 +0000] "PUT /api/cards/6509c8cedd435ddb7c501c9a HTTP/1.1" 400 2
::1 - - [21/Sep/2023:14:11:58 +0000] "PUT /api/cards/6509c8cedd435ddb7c501c9a HTTP/1.1" 400 2
::1 - - [21/Sep/2023:14:12:29 +0000] "PUT /api/cards/6509c8cedd435ddb7c501c9a HTTP/1.1" 400 2
::1 - - [21/Sep/2023:14:12:31 +0000] "PUT /api/cards/6509c8cedd435ddb7c501c9a HTTP/1.1" 400 2
::1 - - [21/Sep/2023:14:12:59 +0000] "PUT /api/cards/6509c8cedd435ddb7c501c9a HTTP/1.1" 400 2
::1 - - [21/Sep/2023:14:15:46 +0000] "PUT /api/cards/6509c8cedd435ddb7c501c9a HTTP/1.1" 400 14
::1 - - [21/Sep/2023:14:16:29 +0000] "PUT /api/cards/6509c8cedd435ddb7c501c9a HTTP/1.1" 400 14
::1 - - [21/Sep/2023:14:16:51 +0000] "PUT /api/cards/6509c8cedd435ddb7c501c9a HTTP/1.1" 400 2
::1 - - [21/Sep/2023:14:17:09 +0000] "PUT /api/cards/6509c8cedd435ddb7c501c9a HTTP/1.1" 400 14
::1 - - [21/Sep/2023:14:18:11 +0000] "PUT /api/cards/6509c8cedd435ddb7c501c9a HTTP/1.1" 400 2
::1 - - [21/Sep/2023:14:18:19 +0000] "PUT /api/cards/6509c8cedd435ddb7c501c9a HTTP/1.1" 400 2
::1 - - [21/Sep/2023:14:18:49 +0000] "PUT /api/cards/6509c8cedd435ddb7c501c9a HTTP/1.1" 400 2
::1 - - [21/Sep/2023:14:18:54 +0000] "PUT /api/cards/6509c8cedd435ddb7c501c9a HTTP/1.1" 400 2
::1 - - [21/Sep/2023:14:19:51 +0000] "PUT /api/cards/6509c8cedd435ddb7c501c9a HTTP/1.1" 400 2
::1 - - [21/Sep/2023:14:20:23 +0000] "PUT /api/cards/6509c8cedd435ddb7c501c9a HTTP/1.1" 400 2
::1 - - [21/Sep/2023:14:20:48 +0000] "PUT /api/cards/6509c8cedd435ddb7c501c9a HTTP/1.1" 400 2
::1 - - [21/Sep/2023:14:20:53 +0000] "PUT /api/cards/6509c8cedd435ddb7c501c9a HTTP/1.1" 400 2
::1 - - [21/Sep/2023:14:20:53 +0000] "PUT /api/cards/6509c8cedd435ddb7c501c9a HTTP/1.1" 400 2
::1 - - [21/Sep/2023:14:21:01 +0000] "PUT /api/cards/6509c8cedd435ddb7c501c9a HTTP/1.1" 400 2
::1 - - [21/Sep/2023:14:21:36 +0000] "PUT /api/cards/6509c8cedd435ddb7c501c9a HTTP/1.1" 400 2
::1 - - [21/Sep/2023:14:21:36 +0000] "PUT /api/cards/6509c8cedd435ddb7c501c9a HTTP/1.1" 400 2
::1 - - [21/Sep/2023:14:22:22 +0000] "PUT /api/cards/6509c8cedd435ddb7c501c9a HTTP/1.1" 400 2
::1 - - [21/Sep/2023:14:22:24 +0000] "PUT /api/cards/6509c8cedd435ddb7c501c9a HTTP/1.1" 400 2
::1 - - [21/Sep/2023:14:22:43 +0000] "PUT /api/cards/6509c8cedd435ddb7c501c9a HTTP/1.1" 400 2
::1 - - [21/Sep/2023:14:22:46 +0000] "PUT /api/cards/6509c8cedd435ddb7c501c9a HTTP/1.1" 400 2
::1 - - [21/Sep/2023:14:23:03 +0000] "PUT /api/cards/6509c8cedd435ddb7c501c9a HTTP/1.1" 400 2
::1 - - [21/Sep/2023:14:23:10 +0000] "PUT /api/cards/6509c8cedd435ddb7c501c9a HTTP/1.1" 400 2
::1 - - [21/Sep/2023:14:23:15 +0000] "PUT /api/cards/6509c8cedd435ddb7c501c9a HTTP/1.1" 400 2
::1 - - [21/Sep/2023:14:23:21 +0000] "PUT /api/cards/6509c8cedd435ddb7c501c9a HTTP/1.1" 400 2
::1 - - [21/Sep/2023:14:23:37 +0000] "PUT /api/cards/6509c8cedd435ddb7c501c9a HTTP/1.1" 400 2
::1 - - [21/Sep/2023:14:25:01 +0000] "PUT /api/cards/cards/6509c8cedd435ddb7c501c9a HTTP/1.1" 404 179
::1 - - [21/Sep/2023:14:25:17 +0000] "PUT /api/cards HTTP/1.1" 404 148
::1 - - [21/Sep/2023:14:25:48 +0000] "PUT /api/cards HTTP/1.1" 404 148
::ffff:127.0.0.1 - - [21/Sep/2023:14:26:18 +0000] "PUT /api/cards HTTP/1.1" 404 148
::1 - - [21/Sep/2023:14:27:02 +0000] "PUT /api/cards HTTP/1.1" 404 148
::1 - - [21/Sep/2023:14:27:13 +0000] "PUT /api/cards HTTP/1.1" 404 148
::1 - - [21/Sep/2023:14:27:15 +0000] "PUT /api/cards HTTP/1.1" 404 148
::1 - - [21/Sep/2023:14:27:24 +0000] "PUT /api/cards/6509c8cedd435ddb7c501c9a HTTP/1.1" 400 2
::1 - - [21/Sep/2023:14:27:32 +0000] "PUT /api/cards/6509c8cedd435ddb7c501c9a HTTP/1.1" 400 2
::1 - - [21/Sep/2023:14:27:46 +0000] "PUT /api/cards/6509c8cedd435ddb7c501c9a HTTP/1.1" 400 2
::1 - - [21/Sep/2023:14:28:13 +0000] "PUT /api/cards/6509c8cedd435ddb7c501c9a HTTP/1.1" 400 2
::1 - - [21/Sep/2023:14:28:16 +0000] "PUT /api/cards/6509c8cedd435ddb7c501c9a HTTP/1.1" 400 2
::1 - - [21/Sep/2023:14:28:18 +0000] "PUT /api/cards/6509c8cedd435ddb7c501c9a HTTP/1.1" 400 2
::1 - - [21/Sep/2023:14:28:30 +0000] "PUT /api/cards/6509c8cedd435ddb7c501c9a HTTP/1.1" 400 12
::1 - - [21/Sep/2023:14:28:45 +0000] "PUT /api/cards/6509c8cedd435ddb7c501c9a HTTP/1.1" 400 2
::1 - - [21/Sep/2023:14:29:34 +0000] "PUT /api/cards/6509c8cedd435ddb7c501c9a HTTP/1.1" 400 14
::1 - - [21/Sep/2023:14:29:42 +0000] "PUT /api/cards/6509c8cedd435ddb7c501c9a HTTP/1.1" 400 12
::1 - - [21/Sep/2023:14:29:53 +0000] "PUT /api/cards/6509c8cedd435ddb7c501c9a HTTP/1.1" 400 12
::1 - - [21/Sep/2023:14:29:55 +0000] "PUT /api/cards/6509c8cedd435ddb7c501c9a HTTP/1.1" 400 12
::1 - - [22/Sep/2023:14:22:26 +0000] "GET /api HTTP/1.1" 404 142
::1 - - [22/Sep/2023:14:22:26 +0000] "GET /api HTTP/1.1" 404 142
::1 - - [22/Sep/2023:14:36:56 +0000] "POST /api/login HTTP/1.1" 404 149
::1 - - [22/Sep/2023:14:37:44 +0000] "POST /api/users HTTP/1.1" 400 2
