::1 - - [16/Sep/2023:13:01:38 +0000] "POST /api/favCards HTTP/1.1" 404 44
::1 - - [16/Sep/2023:13:01:47 +0000] "POST /api/favCards HTTP/1.1" 404 44
::1 - - [16/Sep/2023:13:01:48 +0000] "POST /api/favCards HTTP/1.1" 404 44
::1 - - [16/Sep/2023:13:02:07 +0000] "POST /api/favCards HTTP/1.1" 404 44
::1 - - [16/Sep/2023:13:20:42 +0000] "POST /api/favorites HTTP/1.1" 404 153
::1 - - [16/Sep/2023:13:20:48 +0000] "POST /api/favCards HTTP/1.1" 404 44
::1 - - [16/Sep/2023:13:21:06 +0000] "POST /api/favCards HTTP/1.1" 404 44
::1 - - [16/Sep/2023:13:25:17 +0000] "POST /api/favCards HTTP/1.1" 404 44
::1 - - [16/Sep/2023:13:27:26 +0000] "POST /api/cards HTTP/1.1" 400 657
::1 - - [16/Sep/2023:13:27:28 +0000] "POST /api/cards HTTP/1.1" 400 657
::1 - - [16/Sep/2023:13:27:54 +0000] "POST /api/cards HTTP/1.1" 400 659
::1 - - [16/Sep/2023:13:34:23 +0000] "POST /api/favCards HTTP/1.1" 404 44
::1 - - [16/Sep/2023:13:35:34 +0000] "POST /api/favCards HTTP/1.1" 404 152
::1 - - [16/Sep/2023:13:35:45 +0000] "POST /api/favCards HTTP/1.1" 404 44
::1 - - [16/Sep/2023:13:36:03 +0000] "POST /api/favCards HTTP/1.1" 404 44
::1 - - [16/Sep/2023:13:41:21 +0000] "POST /api/register HTTP/1.1" 400 518
::1 - - [16/Sep/2023:13:42:10 +0000] "POST /api/register HTTP/1.1" 400 618
::ffff:127.0.0.1 - - [16/Sep/2023:13:42:44 +0000] "POST /api/register HTTP/1.1" 400 621
::1 - - [16/Sep/2023:13:43:35 +0000] "POST /api/register HTTP/1.1" 400 559
::1 - - [16/Sep/2023:13:43:55 +0000] "POST /api/register HTTP/1.1" 400 2
::1 - - [16/Sep/2023:13:44:50 +0000] "POST /api/register HTTP/1.1" 400 21
::1 - - [16/Sep/2023:13:47:21 +0000] "POST /api/register HTTP/1.1" 400 2200
::1 - - [16/Sep/2023:13:52:10 +0000] "GET /api/cards/6505b20f300f00437effc044 HTTP/1.1" 404 12
::1 - - [16/Sep/2023:13:52:11 +0000] "GET /api/cards/6505b20f300f00437effc044 HTTP/1.1" 404 12
::1 - - [16/Sep/2023:13:52:11 +0000] "GET /api/cards/6505b20f300f00437effc044 HTTP/1.1" 404 12
::1 - - [16/Sep/2023:14:11:36 +0000] "POST /api/favCards HTTP/1.1" 404 44
::1 - - [16/Sep/2023:14:12:45 +0000] "POST /api/favCards HTTP/1.1" 404 44
::1 - - [16/Sep/2023:14:12:51 +0000] "POST /api/favCards HTTP/1.1" 404 44
::1 - - [16/Sep/2023:14:13:37 +0000] "POST /api/favCards HTTP/1.1" 404 44
::1 - - [16/Sep/2023:14:13:39 +0000] "POST /api/favCards HTTP/1.1" 404 44
::1 - - [16/Sep/2023:14:13:53 +0000] "POST /api/favCards HTTP/1.1" 404 44
::1 - - [16/Sep/2023:14:14:03 +0000] "POST /api/favCards HTTP/1.1" 404 44
