::1 - - [18/Sep/2023:18:43:23 +0000] "POST /api/favCards HTTP/1.1" 404 44
::1 - - [18/Sep/2023:18:43:28 +0000] "POST /api/favCards HTTP/1.1" 404 44
::1 - - [18/Sep/2023:18:43:41 +0000] "POST /api/login HTTP/1.1" 400 23
::1 - - [18/Sep/2023:18:44:58 +0000] "GET /api/cards/64f5e6a59a1a408e172139fc HTTP/1.1" 404 12
::1 - - [18/Sep/2023:18:44:58 +0000] "GET /api/cards/64f5e6a59a1a408e172139fc HTTP/1.1" 404 12
::1 - - [18/Sep/2023:18:45:03 +0000] "GET /api/cards/64f5e6a59a1a408e172139fc HTTP/1.1" 404 12
::1 - - [18/Sep/2023:18:45:04 +0000] "GET /api/cards/64f5e6a59a1a408e172139fc HTTP/1.1" 404 12
::1 - - [18/Sep/2023:18:59:41 +0000] "GET /api/cards/6505ad692178e3e4b82e0923 HTTP/1.1" 404 12
::1 - - [18/Sep/2023:18:59:41 +0000] "GET /api/cards/6505ad692178e3e4b82e0923 HTTP/1.1" 404 12
::1 - - [18/Sep/2023:19:19:03 +0000] "PATCH /api/favCards/65089a9f42d635efe28d1886 HTTP/1.1" 404 178
::1 - - [18/Sep/2023:19:29:11 +0000] "GET /api/cards/6505ad692178e3e4b82e0923 HTTP/1.1" 404 12
::1 - - [18/Sep/2023:19:29:11 +0000] "GET /api/cards/6505ad692178e3e4b82e0923 HTTP/1.1" 404 12
::1 - - [18/Sep/2023:19:39:46 +0000] "GET /api/cards/6505ad692178e3e4b82e0923 HTTP/1.1" 404 12
::1 - - [18/Sep/2023:19:39:46 +0000] "GET /api/cards/6505ad692178e3e4b82e0923 HTTP/1.1" 404 12
::1 - - [18/Sep/2023:19:39:48 +0000] "GET /api/cards/64f5e6a59a1a408e172139fc HTTP/1.1" 404 12
::1 - - [18/Sep/2023:19:39:48 +0000] "GET /api/cards/64f5e6a59a1a408e172139fc HTTP/1.1" 404 12
::1 - - [18/Sep/2023:19:56:36 +0000] "DELETE /api/cards/64f5e6a59a1a408e172139fc HTTP/1.1" 400 2
::1 - - [18/Sep/2023:19:57:45 +0000] "DELETE /api/cards/64f5e6a59a1a408e172139fc HTTP/1.1" 400 2
::1 - - [18/Sep/2023:19:57:47 +0000] "DELETE /api/cards/6505ad692178e3e4b82e0923 HTTP/1.1" 400 2
::1 - - [18/Sep/2023:20:00:05 +0000] "DELETE /api/cards/6505ad692178e3e4b82e0923 HTTP/1.1" 400 2
::1 - - [18/Sep/2023:20:01:12 +0000] "DELETE /api/cards/6505ad692178e3e4b82e0923 HTTP/1.1" 400 2
::1 - - [18/Sep/2023:20:01:40 +0000] "DELETE /api/cards/6505ad692178e3e4b82e0923 HTTP/1.1" 400 2
::1 - - [18/Sep/2023:20:02:51 +0000] "GET /api/cards/6505ad692178e3e4b82e0923 HTTP/1.1" 404 12
::1 - - [18/Sep/2023:20:02:51 +0000] "GET /api/cards/6505ad692178e3e4b82e0923 HTTP/1.1" 404 12
::1 - - [18/Sep/2023:20:07:28 +0000] "DELETE /api/cards/64f5e6a59a1a408e172139fc HTTP/1.1" 400 2
::1 - - [18/Sep/2023:20:07:36 +0000] "DELETE /api/cards/6505ad692178e3e4b82e0923 HTTP/1.1" 400 2
::1 - - [18/Sep/2023:20:10:10 +0000] "DELETE /api/cards/6505ad692178e3e4b82e0923 HTTP/1.1" 400 2
::1 - - [18/Sep/2023:20:12:53 +0000] "DELETE /api/cards/6505ad692178e3e4b82e0923 HTTP/1.1" 400 2
::1 - - [18/Sep/2023:20:14:36 +0000] "DELETE /api/cards/6505ad692178e3e4b82e0923 HTTP/1.1" 400 2
::1 - - [18/Sep/2023:20:15:39 +0000] "DELETE /api/cards/64f5e6a59a1a408e172139fc HTTP/1.1" 400 2
::1 - - [18/Sep/2023:20:15:58 +0000] "DELETE /api/cards/64f5e6a59a1a408e172139fc HTTP/1.1" 400 2
::1 - - [18/Sep/2023:20:16:02 +0000] "DELETE /api/cards/64f5e6a59a1a408e172139fc HTTP/1.1" 400 2
::1 - - [18/Sep/2023:20:16:15 +0000] "DELETE /api/cards/6505ad692178e3e4b82e0923 HTTP/1.1" 400 2
::1 - - [18/Sep/2023:20:18:01 +0000] "DELETE /api/cards/6505ad692178e3e4b82e0923 HTTP/1.1" 400 2
::1 - - [18/Sep/2023:20:18:12 +0000] "POST /api/login HTTP/1.1" 400 23
::1 - - [18/Sep/2023:20:21:46 +0000] "GET /api/cards/6505ad692178e3e4b82e0923 HTTP/1.1" 404 12
::1 - - [18/Sep/2023:20:21:46 +0000] "GET /api/cards/6505ad692178e3e4b82e0923 HTTP/1.1" 404 12
::1 - - [18/Sep/2023:20:21:53 +0000] "DELETE /api/cards/6505ad692178e3e4b82e0923 HTTP/1.1" 400 2
::1 - - [18/Sep/2023:20:21:59 +0000] "DELETE /api/cards/6505ad692178e3e4b82e0923 HTTP/1.1" 400 2
::1 - - [18/Sep/2023:20:24:01 +0000] "DELETE /api/cards/6505ad692178e3e4b82e0923 HTTP/1.1" 400 2
::1 - - [18/Sep/2023:20:24:30 +0000] "DELETE /api/cards/6505ad692178e3e4b82e0923 HTTP/1.1" 400 2
::1 - - [18/Sep/2023:20:24:58 +0000] "DELETE /api/cards/6505ad692178e3e4b82e0923 HTTP/1.1" 400 2
::1 - - [18/Sep/2023:20:26:01 +0000] "DELETE /api/cards/6505ad692178e3e4b82e0923 HTTP/1.1" 400 2
::1 - - [18/Sep/2023:20:27:28 +0000] "DELETE /api/cards/6505ad692178e3e4b82e0923 HTTP/1.1" 400 2
::1 - - [18/Sep/2023:20:28:10 +0000] "DELETE /api/cards/64f5e6a59a1a408e172139fc HTTP/1.1" 400 2
::1 - - [18/Sep/2023:20:28:13 +0000] "DELETE /api/cards/6505ad692178e3e4b82e0923 HTTP/1.1" 400 2
::1 - - [18/Sep/2023:20:28:51 +0000] "GET /api/cards/6505ad692178e3e4b82e0923 HTTP/1.1" 404 12
::1 - - [18/Sep/2023:20:28:51 +0000] "GET /api/cards/6505ad692178e3e4b82e0923 HTTP/1.1" 404 12
::1 - - [18/Sep/2023:20:29:20 +0000] "PUT /api/cards/6505ad692178e3e4b82e0923 HTTP/1.1" 400 639
::1 - - [18/Sep/2023:20:29:21 +0000] "PUT /api/cards/6505ad692178e3e4b82e0923 HTTP/1.1" 400 639
::1 - - [18/Sep/2023:20:29:24 +0000] "PUT /api/cards/6505ad692178e3e4b82e0923 HTTP/1.1" 400 639
::1 - - [18/Sep/2023:20:29:24 +0000] "PUT /api/cards/6505ad692178e3e4b82e0923 HTTP/1.1" 400 639
::1 - - [18/Sep/2023:20:29:25 +0000] "PUT /api/cards/6505ad692178e3e4b82e0923 HTTP/1.1" 400 639
::1 - - [18/Sep/2023:20:29:25 +0000] "PUT /api/cards/6505ad692178e3e4b82e0923 HTTP/1.1" 400 639
::1 - - [18/Sep/2023:20:32:01 +0000] "DELETE /api/cards/6505ad692178e3e4b82e0923 HTTP/1.1" 400 47
::1 - - [18/Sep/2023:20:32:02 +0000] "DELETE /api/cards/6505ad692178e3e4b82e0923 HTTP/1.1" 400 47
::1 - - [18/Sep/2023:20:34:47 +0000] "DELETE /api/cards/6505ad692178e3e4b82e0923 HTTP/1.1" 400 2
