::1 - - [12/Sep/2023:13:19:25 +0000] "GET /api/favCards HTTP/1.1" 404 151
::1 - - [12/Sep/2023:13:19:25 +0000] "GET /api/favCards HTTP/1.1" 404 151
::1 - - [12/Sep/2023:13:19:31 +0000] "GET /api/favCards HTTP/1.1" 404 151
::1 - - [12/Sep/2023:13:19:34 +0000] "GET /api/favCards HTTP/1.1" 404 151
::1 - - [12/Sep/2023:13:19:34 +0000] "GET /api/favCards HTTP/1.1" 404 151
::1 - - [12/Sep/2023:13:35:23 +0000] "GET /api/cards/my-cards HTTP/1.1" 400 241
::1 - - [12/Sep/2023:13:35:23 +0000] "GET /api/cards/my-cards HTTP/1.1" 400 241
::1 - - [12/Sep/2023:13:35:25 +0000] "GET /api/cards/my-cards HTTP/1.1" 400 241
::1 - - [12/Sep/2023:13:35:25 +0000] "GET /api/cards/my-cards HTTP/1.1" 400 241
::1 - - [12/Sep/2023:13:36:25 +0000] "GET /api/cards/cards HTTP/1.1" 400 232
::1 - - [12/Sep/2023:13:36:27 +0000] "GET /api/cards/cards HTTP/1.1" 400 232
::1 - - [12/Sep/2023:13:36:27 +0000] "GET /api/cards/cards HTTP/1.1" 400 232
::1 - - [12/Sep/2023:13:36:48 +0000] "POST /api/favorites HTTP/1.1" 404 153
::1 - - [12/Sep/2023:13:36:52 +0000] "POST /api/favorites HTTP/1.1" 404 153
::1 - - [12/Sep/2023:13:37:23 +0000] "POST /api/favorites HTTP/1.1" 404 153
::1 - - [12/Sep/2023:13:41:22 +0000] "POST /api/favorites HTTP/1.1" 404 153
::1 - - [12/Sep/2023:13:44:37 +0000] "POST /api/favorites HTTP/1.1" 404 153
::1 - - [12/Sep/2023:13:53:02 +0000] "POST /api/favCards HTTP/1.1" 404 44
::1 - - [12/Sep/2023:14:11:00 +0000] "POST /api/favCards HTTP/1.1" 404 44
::1 - - [12/Sep/2023:14:12:57 +0000] "POST /api/favCards/64f5e6a59a1a408e172139fc HTTP/1.1" 404 177
::1 - - [12/Sep/2023:14:13:03 +0000] "POST /api/favCards/64f5e6a59a1a408e172139fc HTTP/1.1" 404 177
::1 - - [12/Sep/2023:14:13:16 +0000] "POST /api/favCards/64f5e6a59a1a408e172139fc HTTP/1.1" 404 177
