::1 - - [24/Sep/2023:09:58:40 +0000] "POST /api/users HTTP/1.1" 400 23
::1 - - [24/Sep/2023:09:59:00 +0000] "POST /api/users HTTP/1.1" 400 511
::1 - - [24/Sep/2023:09:59:52 +0000] "POST /api/users HTTP/1.1" 400 513
::1 - - [24/Sep/2023:10:00:29 +0000] "POST /api/users HTTP/1.1" 400 509
::1 - - [24/Sep/2023:10:02:36 +0000] "POST /api/users HTTP/1.1" 400 509
::1 - - [24/Sep/2023:10:03:38 +0000] "POST /api/users HTTP/1.1" 400 512
::1 - - [24/Sep/2023:10:06:00 +0000] "POST /api/users HTTP/1.1" 400 512
::1 - - [24/Sep/2023:10:07:10 +0000] "POST /api/users HTTP/1.1" 400 515
::1 - - [24/Sep/2023:10:07:43 +0000] "POST /api/users HTTP/1.1" 400 513
::1 - - [24/Sep/2023:10:08:53 +0000] "POST /api/users HTTP/1.1" 400 515
::1 - - [24/Sep/2023:10:09:15 +0000] "POST /api/register HTTP/1.1" 404 152
::1 - - [24/Sep/2023:10:09:25 +0000] "POST /api/users HTTP/1.1" 400 515
::1 - - [24/Sep/2023:10:11:12 +0000] "POST /api/users HTTP/1.1" 400 513
::1 - - [24/Sep/2023:10:13:19 +0000] "POST /api/users HTTP/1.1" 400 511
::1 - - [24/Sep/2023:10:14:48 +0000] "POST /api/users HTTP/1.1" 404 23
::1 - - [24/Sep/2023:10:15:10 +0000] "POST /api/users HTTP/1.1" 404 23
::1 - - [24/Sep/2023:10:18:09 +0000] "POST /api/favCards HTTP/1.1" 404 44
::1 - - [24/Sep/2023:10:18:10 +0000] "POST /api/favCards HTTP/1.1" 404 44
::1 - - [24/Sep/2023:10:18:16 +0000] "POST /api/favCards HTTP/1.1" 404 44
::1 - - [24/Sep/2023:10:18:21 +0000] "POST /api/favCards HTTP/1.1" 404 44
::1 - - [24/Sep/2023:10:19:19 +0000] "POST /api/favCards HTTP/1.1" 404 152
::1 - - [24/Sep/2023:10:20:23 +0000] "POST /api/favorites HTTP/1.1" 404 153
::1 - - [24/Sep/2023:10:20:27 +0000] "POST /api/favorites HTTP/1.1" 404 153
::1 - - [24/Sep/2023:10:20:52 +0000] "POST /api/favCards HTTP/1.1" 404 152
::1 - - [24/Sep/2023:10:20:55 +0000] "POST /api/favCards HTTP/1.1" 404 152
::1 - - [24/Sep/2023:10:21:45 +0000] "POST /api/favCards HTTP/1.1" 404 44
::1 - - [24/Sep/2023:10:21:46 +0000] "POST /api/favCards HTTP/1.1" 404 44
::ffff:127.0.0.1 - - [24/Sep/2023:10:22:24 +0000] "POST /api/favCards HTTP/1.1" 404 44
::1 - - [24/Sep/2023:10:22:54 +0000] "POST /api/favCards HTTP/1.1" 404 44
::1 - - [24/Sep/2023:10:27:48 +0000] "POST /api/users HTTP/1.1" 400 525
::1 - - [24/Sep/2023:10:28:37 +0000] "POST /api/users HTTP/1.1" 400 525
::1 - - [24/Sep/2023:10:29:29 +0000] "POST /api/users HTTP/1.1" 400 525
::1 - - [24/Sep/2023:10:30:04 +0000] "POST /api/users HTTP/1.1" 400 525
::1 - - [24/Sep/2023:10:30:56 +0000] "POST /api/users HTTP/1.1" 400 525
::1 - - [24/Sep/2023:10:31:12 +0000] "POST /api/users HTTP/1.1" 400 525
::1 - - [24/Sep/2023:10:31:36 +0000] "POST /api/users HTTP/1.1" 400 525
::1 - - [24/Sep/2023:10:31:49 +0000] "POST /api/users HTTP/1.1" 400 525
::1 - - [24/Sep/2023:10:32:31 +0000] "POST /api HTTP/1.1" 404 143
::1 - - [24/Sep/2023:10:32:51 +0000] "POST /api HTTP/1.1" 404 143
::1 - - [24/Sep/2023:10:33:01 +0000] "POST /api/users HTTP/1.1" 400 525
::1 - - [24/Sep/2023:10:33:38 +0000] "POST /api/users HTTP/1.1" 400 525
::1 - - [24/Sep/2023:10:34:08 +0000] "POST /api/users HTTP/1.1" 400 525
::1 - - [24/Sep/2023:10:35:47 +0000] "POST /api/users HTTP/1.1" 400 525
::1 - - [24/Sep/2023:10:37:26 +0000] "POST /api/users HTTP/1.1" 400 525
::1 - - [24/Sep/2023:10:38:17 +0000] "POST /api/users HTTP/1.1" 400 525
::1 - - [24/Sep/2023:10:46:23 +0000] "POST /api/users HTTP/1.1" 400 502
::1 - - [24/Sep/2023:10:46:45 +0000] "POST /api/users HTTP/1.1" 400 31
::1 - - [24/Sep/2023:10:47:51 +0000] "POST /api/users HTTP/1.1" 400 21
::1 - - [24/Sep/2023:10:48:35 +0000] "POST /api/users HTTP/1.1" 400 21
::1 - - [24/Sep/2023:15:54:37 +0000] "POST /api/users HTTP/1.1" 400 458
::1 - - [24/Sep/2023:15:55:55 +0000] "POST /api/users HTTP/1.1" 400 -
::1 - - [24/Sep/2023:15:56:12 +0000] "POST /api/users HTTP/1.1" 400 -
::1 - - [24/Sep/2023:15:56:41 +0000] "POST /api/users HTTP/1.1" 400 -
::1 - - [24/Sep/2023:15:57:03 +0000] "POST /api/users HTTP/1.1" 400 -
::1 - - [24/Sep/2023:15:57:22 +0000] "POST /api/users HTTP/1.1" 400 -
::1 - - [24/Sep/2023:15:57:42 +0000] "POST /api/users HTTP/1.1" 400 31
::1 - - [24/Sep/2023:15:58:03 +0000] "POST /api/users HTTP/1.1" 400 -
::1 - - [24/Sep/2023:16:04:46 +0000] "POST /api/users HTTP/1.1" 400 21
::1 - - [24/Sep/2023:16:04:54 +0000] "POST /api/users HTTP/1.1" 400 207
::1 - - [24/Sep/2023:16:04:57 +0000] "POST /api/users HTTP/1.1" 400 207
::1 - - [24/Sep/2023:16:05:42 +0000] "POST /api/users HTTP/1.1" 400 207
::1 - - [24/Sep/2023:16:06:01 +0000] "POST /api/users HTTP/1.1" 400 207
::1 - - [24/Sep/2023:16:06:53 +0000] "POST /api/users HTTP/1.1" 400 207
::1 - - [24/Sep/2023:16:07:50 +0000] "POST /api/login HTTP/1.1" 404 149
::1 - - [24/Sep/2023:16:47:43 +0000] "DELETE /api/users/65105b9eace500e24d432ab0 HTTP/1.1" 404 176
::1 - - [24/Sep/2023:16:50:05 +0000] "DELETE /api/users/65105b9eace500e24d432ab0 HTTP/1.1" 404 176
::1 - - [24/Sep/2023:16:51:06 +0000] "DELETE /api/users/65105b9eace500e24d432ab0 HTTP/1.1" 404 176
::1 - - [24/Sep/2023:16:52:44 +0000] "POST /api/users HTTP/1.1" 400 207
::1 - - [24/Sep/2023:16:53:52 +0000] "DELETE /api/users/65105b9eace500e24d432ab0 HTTP/1.1" 404 176
::1 - - [24/Sep/2023:16:56:15 +0000] "DELETE /api/users/65105b9eace500e24d432ab0 HTTP/1.1" 404 176
::1 - - [24/Sep/2023:16:58:12 +0000] "DELETE /api/users/65105b9eace500e24d432ab0 HTTP/1.1" 404 176
::1 - - [24/Sep/2023:17:05:58 +0000] "DELETE /api/users/65105b9eace500e24d432ab0 HTTP/1.1" 404 176
::1 - - [24/Sep/2023:17:07:16 +0000] "DELETE /api/users/65105b9eace500e24d432ab0 HTTP/1.1" 404 176
::1 - - [24/Sep/2023:17:08:52 +0000] "DELETE /api/users/65105b9eace500e24d432ab0 HTTP/1.1" 404 176
::1 - - [24/Sep/2023:17:09:04 +0000] "DELETE /api/users/65105b9eace500e24d432ab0 HTTP/1.1" 404 176
::1 - - [24/Sep/2023:17:09:25 +0000] "DELETE /api/users/users/65105b9eace500e24d432ab0 HTTP/1.1" 404 182
::1 - - [24/Sep/2023:17:09:45 +0000] "DELETE /api/users/delete/65105b9eace500e24d432ab0 HTTP/1.1" 404 183
::1 - - [24/Sep/2023:17:09:59 +0000] "DELETE /api/users HTTP/1.1" 404 151
::1 - - [24/Sep/2023:17:10:29 +0000] "DELETE /api/users HTTP/1.1" 404 151
::1 - - [24/Sep/2023:17:11:11 +0000] "DELETE /api/users/65105b9eace500e24d432ab0 HTTP/1.1" 404 176
::1 - - [24/Sep/2023:17:13:54 +0000] "DELETE /api/users/65105b9eace500e24d432ab0 HTTP/1.1" 404 176
::1 - - [24/Sep/2023:17:14:00 +0000] "DELETE /api/users/65105b9eace500e24d432ab0 HTTP/1.1" 404 176
::1 - - [24/Sep/2023:17:14:26 +0000] "DELETE /api/users/65105b9eace500e24d432ab0 HTTP/1.1" 404 176
::1 - - [24/Sep/2023:17:14:29 +0000] "DELETE /api/users/65105b9eace500e24d432ab0 HTTP/1.1" 404 176
::1 - - [24/Sep/2023:17:15:30 +0000] "DELETE /api/users/65105b9eace500e24d432ab0 HTTP/1.1" 404 176
::1 - - [24/Sep/2023:17:15:45 +0000] "DELETE /api/users/651011b4c4dbb6367de0b389 HTTP/1.1" 404 176
::1 - - [24/Sep/2023:17:15:49 +0000] "DELETE /api/651011b4c4dbb6367de0b389 HTTP/1.1" 404 170
::1 - - [24/Sep/2023:17:16:13 +0000] "DELETE /api/profile/651011b4c4dbb6367de0b389 HTTP/1.1" 404 178
::1 - - [24/Sep/2023:17:16:19 +0000] "DELETE /api/users/651011b4c4dbb6367de0b389 HTTP/1.1" 404 176
::1 - - [24/Sep/2023:17:17:43 +0000] "DELETE /api/users/651011b4c4dbb6367de0b389 HTTP/1.1" 400 55
::1 - - [24/Sep/2023:17:26:57 +0000] "POST /api/users HTTP/1.1" 400 483
::1 - - [24/Sep/2023:17:26:59 +0000] "POST /api/users HTTP/1.1" 400 483
::1 - - [24/Sep/2023:17:26:59 +0000] "POST /api/users HTTP/1.1" 400 483
::1 - - [24/Sep/2023:17:27:02 +0000] "POST /api/users HTTP/1.1" 400 478
::1 - - [24/Sep/2023:17:27:05 +0000] "POST /api/users HTTP/1.1" 400 482
::1 - - [24/Sep/2023:17:27:05 +0000] "POST /api/users HTTP/1.1" 400 482
::1 - - [24/Sep/2023:17:27:05 +0000] "POST /api/users HTTP/1.1" 400 482
::1 - - [24/Sep/2023:17:30:53 +0000] "POST /api/users HTTP/1.1" 400 502
::1 - - [24/Sep/2023:17:31:00 +0000] "POST /api/users HTTP/1.1" 400 502
::1 - - [24/Sep/2023:17:31:12 +0000] "POST /api/users HTTP/1.1" 400 502
::1 - - [24/Sep/2023:17:32:08 +0000] "POST /api/users HTTP/1.1" 400 502
::1 - - [24/Sep/2023:17:32:09 +0000] "POST /api/users HTTP/1.1" 400 502
::1 - - [24/Sep/2023:17:32:19 +0000] "POST /api/users HTTP/1.1" 400 502
::1 - - [24/Sep/2023:17:32:55 +0000] "POST /api/users HTTP/1.1" 400 502
::1 - - [24/Sep/2023:17:33:11 +0000] "POST /api/users HTTP/1.1" 400 502
::1 - - [24/Sep/2023:17:33:28 +0000] "POST /api/users HTTP/1.1" 400 502
::1 - - [24/Sep/2023:18:28:50 +0000] "PUT /api/users/65107f741da572c88b96b8d2 HTTP/1.1" 400 63
::1 - - [24/Sep/2023:18:28:51 +0000] "PUT /api/users/65107f741da572c88b96b8d2 HTTP/1.1" 400 63
::1 - - [24/Sep/2023:18:28:56 +0000] "PUT /api/users/65107f741da572c88b96b8d2 HTTP/1.1" 400 63
::1 - - [24/Sep/2023:18:29:59 +0000] "PUT /api/users/65107f741da572c88b96b8d2 HTTP/1.1" 400 63
::1 - - [24/Sep/2023:18:30:17 +0000] "PUT /api/users/65107f741da572c88b96b8d2 HTTP/1.1" 400 63
::1 - - [24/Sep/2023:18:30:18 +0000] "PUT /api/users/65107f741da572c88b96b8d2 HTTP/1.1" 400 63
::1 - - [24/Sep/2023:18:31:02 +0000] "PUT /api/users/65107f741da572c88b96b8d2 HTTP/1.1" 400 63
::1 - - [24/Sep/2023:18:31:39 +0000] "PUT /api/users/65107f741da572c88b96b8d2 HTTP/1.1" 400 63
::1 - - [24/Sep/2023:18:31:53 +0000] "PUT /api/users/65107f741da572c88b96b8d2 HTTP/1.1" 400 7
::1 - - [24/Sep/2023:18:32:14 +0000] "PUT /api/users/65107f741da572c88b96b8d2 HTTP/1.1" 400 63
::1 - - [24/Sep/2023:18:33:49 +0000] "PUT /api/users/undefined HTTP/1.1" 400 63
::1 - - [24/Sep/2023:18:33:58 +0000] "PUT /api/users/undefined HTTP/1.1" 400 63
::1 - - [24/Sep/2023:18:34:07 +0000] "PUT /api/users/undefined HTTP/1.1" 400 63
::1 - - [24/Sep/2023:18:34:21 +0000] "PUT /api/users/undefined HTTP/1.1" 400 63
::1 - - [24/Sep/2023:18:34:36 +0000] "PUT /api/users/undefined HTTP/1.1" 400 63
::1 - - [24/Sep/2023:18:41:32 +0000] "DELETE /api/cards/651082cf5bd6e3c09de80424 HTTP/1.1" 400 47
::1 - - [24/Sep/2023:18:44:57 +0000] "POST /api/users/login HTTP/1.1" 400 23
::1 - - [24/Sep/2023:18:46:50 +0000] "POST /api/users/login HTTP/1.1" 400 23
::1 - - [24/Sep/2023:18:47:04 +0000] "POST /api/users/login HTTP/1.1" 400 23
::1 - - [24/Sep/2023:18:47:07 +0000] "POST /api/users/login HTTP/1.1" 400 23
::1 - - [24/Sep/2023:18:47:11 +0000] "POST /api/users/login HTTP/1.1" 400 23
::1 - - [24/Sep/2023:18:47:20 +0000] "POST /api/users/login HTTP/1.1" 400 23
::1 - - [24/Sep/2023:18:47:24 +0000] "POST /api/users/login HTTP/1.1" 400 23
::1 - - [24/Sep/2023:18:48:21 +0000] "POST /api/users/login HTTP/1.1" 400 23
::1 - - [24/Sep/2023:18:48:32 +0000] "POST /api/users/login HTTP/1.1" 400 23
